<?xml version="1.0" encoding="UTF-8"?>
<!-- Generated by org.testng.reporters.JUnitReportReporter -->
<testsuite hostname="DESKTOP-0JESFVQ" failures="0" tests="3" name="testNG1.LoginTestcase" time="0.040" errors="0" timestamp="2023-06-05T17:18:23 IST" skipped="0">
  <testcase classname="testNG1.LoginTestcase" name="firstTestcase" time="0.020"/>
  <system-out/>
  <testcase classname="testNG1.LoginTestcase" name="secondTestcase" time="0.014"/>
  <system-out/>
  <testcase classname="testNG1.LoginTestcase" name="thirdTestcase" time="0.006"/>
  <system-out/>
</testsuite> <!-- testNG1.LoginTestcase -->
