<?xml version="1.0" encoding="UTF-8"?>
<!-- Generated by org.testng.reporters.JUnitReportReporter -->
<testsuite hostname="DESKTOP-0JESFVQ" failures="0" tests="3" name="testNG3.DependanciesManagement" time="0.013" errors="0" timestamp="2023-06-06T18:21:10 IST" skipped="0">
  <testcase classname="testNG3.DependanciesManagement" name="highschool" time="0.003"/>
  <system-out/>
  <testcase classname="testNG3.DependanciesManagement" name="highersecondary" time="0.007"/>
  <system-out/>
  <testcase classname="testNG3.DependanciesManagement" name="enginerring" time="0.003"/>
  <system-out/>
</testsuite> <!-- testNG3.DependanciesManagement -->
