<?xml version="1.0" encoding="UTF-8"?>
<!-- Generated by org.testng.reporters.JUnitReportReporter -->
<testsuite hostname="DESKTOP-0JESFVQ" failures="0" tests="2" name="testNG3.Mediknit" time="28.687" errors="0" timestamp="2023-06-12T16:13:32 IST" skipped="0">
  <testcase classname="testNG3.Mediknit" name="secondTestCase" time="7.207"/>
  <system-out/>
  <testcase classname="testNG3.Mediknit" name="firstTestCase" time="21.480"/>
  <system-out/>
</testsuite> <!-- testNG3.Mediknit -->
