<?xml version="1.0" encoding="ASCII"?>
<application:Application xmi:version="2.0" xmlns:xmi="http://www.omg.org/XMI" xmlns:xsi="http://www.w3.org/2001/XMLSchema-instance" xmlns:advanced="http://www.eclipse.org/ui/2010/UIModel/application/ui/advanced" xmlns:application="http://www.eclipse.org/ui/2010/UIModel/application" xmlns:basic="http://www.eclipse.org/ui/2010/UIModel/application/ui/basic" xmlns:menu="http://www.eclipse.org/ui/2010/UIModel/application/ui/menu" xmi:id="_5lAU8GQHEe2s9ICykGPXNA" elementId="org.eclipse.e4.legacy.ide.application" contributorURI="platform:/plugin/org.eclipse.platform" selectedElement="_5lAU8WQHEe2s9ICykGPXNA" bindingContexts="_5lA8BGQHEe2s9ICykGPXNA">
  <persistedState key="memento" value="&lt;?xml version=&quot;1.0&quot; encoding=&quot;UTF-8&quot;?>&#xD;&#xA;&lt;workben