<?xml version="1.0" encoding="UTF-8"?>
<!-- Generated by org.testng.reporters.JUnitReportReporter -->
<testsuite hostname="DESKTOP-0JESFVQ" failures="0" tests="5" name="testNG3.Login" time="0.023" errors="0" timestamp="2023-06-06T18:21:10 IST" skipped="4">
  <testcase classname="testNG3.Login" name="fifthTestCase" time="0.023"/>
  <system-out/>
  <testcase classname="testNG3.Login" name="secondTestCase">
    <skipped/>
  </testcase> <!-- secondTestCase -->
  <system-out/>
  <testcase classname="testNG3.Login" name="thirdTestCase">
    <skipped/>
  </testcase> <!-- thirdTestCase -->
  <system-out/>
  <testcase classname="testNG3.Login" name="firstTestCase">
    <skipped/>
  </testcase> <!-- firstTestCase -->
  <system-out/>
  <testcase classname="testNG3.Login" name="fourthTestCase">
    <skipped/>
  </testcase> <!-- fourthTestCase -->
  <system-out/>
</testsuite> <!-- testNG3.Login -->
