<?xml version="1.0" encoding="UTF-8"?>
<!-- Generated by org.testng.reporters.JUnitReportReporter -->
<testsuite hostname="DESKTOP-0JESFVQ" failures="0" tests="2" name="testNG3.ParallelTesting" time="14.360" errors="0" timestamp="2023-06-12T17:39:53 IST" skipped="0">
  <testcase classname="testNG3.ParallelTesting" name="openGoogle" time="8.525"/>
  <system-out/>
  <testcase classname="testNG3.ParallelTesting" name="openBing" time="5.835"/>
  <system-out/>
</testsuite> <!-- testNG3.ParallelTesting -->
