<?xml version="1.0" encoding="UTF-8"?>
<!-- Generated by org.testng.reporters.JUnitReportReporter -->
<testsuite hostname="DESKTOP-0JESFVQ" failures="0" tests="1" name="testNG3.Assertion" time="0.022" errors="0" timestamp="2023-06-08T17:46:22 IST" skipped="0">
  <testcase classname="testNG3.Assertion" name="checkequals" time="0.022"/>
  <system-out/>
</testsuite> <!-- testNG3.Assertion -->
